<?xml version="1.0" encoding="UTF-8"?>
<coverage generated="1587046836643" clover="3.2.0">
  <project timestamp="1587046836643" name="All files">
    <metrics statements="15" coveredstatements="8" conditionals="0" coveredconditionals="0" methods="2" coveredmethods="1" elements="17" coveredelements="9" complexity="0" loc="15" ncloc="15" packages="1" files="1" classes="1"/>
    <file name="weather.js" path="/Users/dojeda/dev/udacity/front_end/capstone_project/src/client/js/weather.js">
      <metrics statements="15" coveredstatements="8" conditionals="0" coveredconditionals="0" methods="2" coveredmethods="1"/>
      <line num="1" count="1" type="stmt"/>
      <line num="2" count="1" type="stmt"/>
      <line num="3" count="1" type="stmt"/>
      <line num="6" count="1" type="stmt"/>
      <line num="7" count="1" type="stmt"/>
      <line num="8" count="1" type="stmt"/>
      <line num="9" count="1" type="stmt"/>
      <line num="10" count="1" type="stmt"/>
      <line num="12" count="0" type="stmt"/>
      <line num="17" count="0" type="stmt"/>
      <line num="18" count="0" type="stmt"/>
      <line num="19" count="0" type="stmt"/>
      <line num="20" count="0" type="stmt"/>
      <line num="21" count="0" type="stmt"/>
      <line num="23" count="0" type="stmt"/>
    </file>
  </project>
</coverage>
